<?xml version="1.0" encoding="UTF-8"?>
<!-- Generated by org.testng.reporters.JUnitXMLReporter -->
<testsuite ignored="0" hostname="EPINPUNW05FB" failures="0" tests="4" name="Surefire test" time="8.997" errors="0" timestamp="2023-12-05T12:10:44 IST">
  <testcase classname="api.testcases.UserTest" name="testCreateUser" time="3.693"/>
  <testcase classname="api.testcases.UserTest" name="testGetUser" time="1.233"/>
  <testcase classname="api.testcases.UserTest" name="testUpdateUser" time="2.427"/>
  <testcase classname="api.testcases.UserTest" name="testDeleteUser" time="1.231"/>
</testsuite> <!-- Surefire test -->
