<?xml version="1.0" encoding="UTF-8"?>
<!-- Generated by org.testng.reporters.JUnitXMLReporter -->
<testsuite ignored="0" hostname="EPINPUNW05FB" failures="0" tests="4" name="Test" time="10.936" errors="0" timestamp="2023-12-06T20:45:48 IST">
  <testcase classname="api.testcases.UserTest" name="testCreateUser" time="4.041"/>
  <testcase classname="api.testcases.UserTest" name="testGetUser" time="1.28"/>
  <testcase classname="api.testcases.UserTest" name="testUpdateUser" time="3.003"/>
  <testcase classname="api.testcases.UserTest" name="testDeleteUser" time="1.202"/>
</testsuite> <!-- Test -->
