<?xml version="1.0" encoding="UTF-8"?>
<!-- Generated by org.testng.reporters.JUnitXMLReporter -->
<testsuite ignored="0" hostname="EPINPUNW05FB" failures="0" tests="4" name="Test" time="10.928" errors="0" timestamp="2023-12-06T21:27:24 IST">
  <testcase classname="api.testcases.UserTest" name="testCreateUser" time="4.52"/>
  <testcase classname="api.testcases.UserTest" name="testGetUser" time="1.379"/>
  <testcase classname="api.testcases.UserTest" name="testUpdateUser" time="2.701"/>
  <testcase classname="api.testcases.UserTest" name="testDeleteUser" time="1.127"/>
</testsuite> <!-- Test -->
