<?xml version="1.0" encoding="UTF-8"?>
<testng-results ignored="0" total="4" passed="4" failed="0" skipped="0">
  <reporter-output>
  </reporter-output>
  <suite started-at="2023-12-06T21:16:57 IST" name="Default suite" finished-at="2023-12-06T21:17:06 IST" duration-ms="9649">
    <groups>
    </groups>
    <test started-at="2023-12-06T21:16:57 IST" name="Default test" finished-at="2023-12-06T21:17:06 IST" duration-ms="9649">
      <class name="api.testcases.UserTest2">
        <test-method is-config="true" signature="generateTestData()[pri:0, instance:api.testcases.UserTest2@1a6d8329]" started-at="2023-12-06T21:16:57 IST" name="generateTestData" finished-at="2023-12-06T21:16:58 IST" duration-ms="956" status="PASS">
          <reporter-output>
          </reporter-output>
        </test-method> <!-- generateTestData -->
        <test-method signature="testCreateUser()[pri:1, instance:api.testcases.UserTest2@1a6d8329]" started-at="2023-12-06T21:16:58 IST" name="testCreateUser" finished-at="2023-12-06T21:17:01 IST" duration-ms="3213" status="PASS">
          <reporter-output>
          </reporter-output>
        </test-method> <!-- testCreateUser -->
        <test-method signature="testGetUser()[pri:2, instance:api.testcases.UserTest2@1a6d8329]" started-at="2023-12-06T21:17:01 IST" name="testGetUser" finished-at="2023-12-06T21:17:02 IST" duration-ms="1305" status="PASS">
          <reporter-output>
          </reporter-output>
        </test-method> <!-- testGetUser -->
        <test-method signature="testUpdateUser()[pri:3, instance:api.testcases.UserTest2@1a6d8329]" started-at="2023-12-06T21:17:02 IST" name="testUpdateUser" finished-at="2023-12-06T21:17:05 IST" duration-ms="2809" status="PASS">
          <reporter-output>
          </reporter-output>
        </test-method> <!-- testUpdateUser -->
        <test-method signature="testDeleteUser()[pri:4, instance:api.testcases.UserTest2@1a6d8329]" started-at="2023-12-06T21:17:05 IST" name="testDeleteUser" finished-at="2023-12-06T21:17:06 IST" duration-ms="1330" status="PASS">
          <reporter-output>
          </reporter-output>
        </test-method> <!-- testDeleteUser -->
      </class> <!-- api.testcases.UserTest2 -->
    </test> <!-- Default test -->
  </suite> <!-- Default suite -->
</testng-results>
